
*** Running vivado
    with args -log game.vds -m64 -product Vivado -mode batch -messageDb vivado.pb -notrace -source game.tcl



****** Vivado v2022.1 (64-bit)
  **** SW Build 3526262 on Mon Apr 18 15:48:16 MDT 2022
  **** IP Build 3524634 on Mon Apr 18 20:55:01 MDT 2022
    ** Copyright 1986-2022 Xilinx, Inc. All Rights Reserved.

source game.tcl -notrace
Command: read_checkpoint -auto_incremental -incremental C:/Users/Yara2005/Pong/Pong.srcs/utils_1/imports/synth_1/game.dcp
INFO: [Vivado 12-5825] Read reference checkpoint from C:/Users/Yara2005/Pong/Pong.srcs/utils_1/imports/synth_1/game.dcp for incremental synthesis
INFO: [Vivado 12-7989] Please ensure there are no constraint changes
Command: synth_design -top game -part xc7a35tcpg236-1
Starting synth_design
Attempting to get a license for feature 'Synthesis' and/or device 'xc7a35t'
INFO: [Common 17-349] Got license for feature 'Synthesis' and/or device 'xc7a35t'
INFO: [Designutils 20-5440] No compile time benefit to using incremental synthesis; A full resynthesis will be run
INFO: [Designutils 20-4379] Flow is switching to default flow due to incremental criteria not met. If you would like to alter this behaviour and have the flow terminate instead, please set the following parameter config_implementation {autoIncr.Synth.RejectBehavior Terminate}
INFO: [Synth 8-7079] Multithreading enabled for synth_design using a maximum of 2 processes.
INFO: [Synth 8-7078] Launching helper process for spawning children vivado processes
INFO: [Synth 8-7075] Helper process launched with PID 18328
WARNING: [Synth 8-9971] redeclaration of ansi port 'count' is not allowed [C:/Users/Yara2005/Downloads/Counter.v:25]
---------------------------------------------------------------------------------
Starting Synthesize : Time (s): cpu = 00:00:05 ; elapsed = 00:00:05 . Memory (MB): peak = 1285.277 ; gain = 0.000
---------------------------------------------------------------------------------
INFO: [Synth 8-6157] synthesizing module 'game' [C:/Users/Yara2005/Pong/Pong.srcs/sources_1/new/game.v:23]
INFO: [Synth 8-6157] synthesizing module 'Paddle' [C:/Users/Yara2005/Pong/Pong.srcs/sources_1/new/Paddle.v:23]
INFO: [Synth 8-6157] synthesizing module 'Ex2_PushbuttonDetect' [C:/Users/Yara2005/Downloads/Ex2_PushbuttonDetect.v:23]
INFO: [Synth 8-6157] synthesizing module 'clock_div' [C:/Users/Yara2005/Downloads/clock_div-1.v:23]
	Parameter n bound to: 1000000 - type: integer 
INFO: [Synth 8-6157] synthesizing module 'Counter' [C:/Users/Yara2005/Downloads/Counter.v:23]
	Parameter x bound to: 32 - type: integer 
	Parameter n bound to: 1000000 - type: integer 
INFO: [Synth 8-6155] done synthesizing module 'Counter' (0#1) [C:/Users/Yara2005/Downloads/Counter.v:23]
INFO: [Synth 8-6155] done synthesizing module 'clock_div' (0#1) [C:/Users/Yara2005/Downloads/clock_div-1.v:23]
INFO: [Synth 8-6157] synthesizing module 'debouncer' [C:/Users/Yara2005/Downloads/Debouncer.v:23]
INFO: [Synth 8-6155] done synthesizing module 'debouncer' (0#1) [C:/Users/Yara2005/Downloads/Debouncer.v:23]
INFO: [Synth 8-6157] synthesizing module 'synchronizer' [C:/Users/Yara2005/Downloads/synchronizer.v:1]
INFO: [Synth 8-6155] done synthesizing module 'synchronizer' (0#1) [C:/Users/Yara2005/Downloads/synchronizer.v:1]
INFO: [Synth 8-6157] synthesizing module 'Ex1_EdgeDetect' [C:/Users/Yara2005/Downloads/Ex1_EdgeDetect.v:23]
INFO: [Synth 8-6155] done synthesizing module 'Ex1_EdgeDetect' (0#1) [C:/Users/Yara2005/Downloads/Ex1_EdgeDetect.v:23]
INFO: [Synth 8-6155] done synthesizing module 'Ex2_PushbuttonDetect' (0#1) [C:/Users/Yara2005/Downloads/Ex2_PushbuttonDetect.v:23]
INFO: [Synth 8-6155] done synthesizing module 'Paddle' (0#1) [C:/Users/Yara2005/Pong/Pong.srcs/sources_1/new/Paddle.v:23]
INFO: [Synth 8-6157] synthesizing module 'Ball' [C:/Users/Yara2005/Pong/Pong.srcs/sources_1/new/Ball.v:2]
INFO: [Synth 8-6155] done synthesizing module 'Ball' (0#1) [C:/Users/Yara2005/Pong/Pong.srcs/sources_1/new/Ball.v:2]
WARNING: [Synth 8-689] width (1) of port connection 'Goal1' does not match port width (9) of module 'Ball' [C:/Users/Yara2005/Pong/Pong.srcs/sources_1/new/game.v:31]
WARNING: [Synth 8-689] width (1) of port connection 'Goal2' does not match port width (9) of module 'Ball' [C:/Users/Yara2005/Pong/Pong.srcs/sources_1/new/game.v:31]
INFO: [Synth 8-6157] synthesizing module 'Score' [C:/Users/Yara2005/Pong/Pong.srcs/sources_1/new/Score.v:2]
INFO: [Synth 8-6157] synthesizing module 'Counter__parameterized0' [C:/Users/Yara2005/Downloads/Counter.v:23]
	Parameter x bound to: 4 - type: integer 
	Parameter n bound to: 10 - type: integer 
INFO: [Synth 8-6155] done synthesizing module 'Counter__parameterized0' (0#1) [C:/Users/Yara2005/Downloads/Counter.v:23]
INFO: [Synth 8-6155] done synthesizing module 'Score' (0#1) [C:/Users/Yara2005/Pong/Pong.srcs/sources_1/new/Score.v:2]
INFO: [Synth 8-6157] synthesizing module 'segmentDecoder' [C:/Users/Yara2005/Pong/Pong.srcs/sources_1/new/segmentDecoder.v:2]
INFO: [Synth 8-6155] done synthesizing module 'segmentDecoder' (0#1) [C:/Users/Yara2005/Pong/Pong.srcs/sources_1/new/segmentDecoder.v:2]
WARNING: [Synth 8-689] width (4) of port connection 'player1_units' does not match port width (1) of module 'segmentDecoder' [C:/Users/Yara2005/Pong/Pong.srcs/sources_1/new/game.v:34]
WARNING: [Synth 8-689] width (4) of port connection 'player1_tens' does not match port width (1) of module 'segmentDecoder' [C:/Users/Yara2005/Pong/Pong.srcs/sources_1/new/game.v:34]
WARNING: [Synth 8-689] width (4) of port connection 'player2_units' does not match port width (1) of module 'segmentDecoder' [C:/Users/Yara2005/Pong/Pong.srcs/sources_1/new/game.v:34]
WARNING: [Synth 8-689] width (4) of port connection 'player2_tens' does not match port width (1) of module 'segmentDecoder' [C:/Users/Yara2005/Pong/Pong.srcs/sources_1/new/game.v:34]
INFO: [Synth 8-6157] synthesizing module 'VGAControl' [C:/Users/Yara2005/Pong/Pong.srcs/sources_1/new/VGAControl.v:2]
INFO: [Synth 8-6155] done synthesizing module 'VGAControl' (0#1) [C:/Users/Yara2005/Pong/Pong.srcs/sources_1/new/VGAControl.v:2]
INFO: [Synth 8-6155] done synthesizing module 'game' (0#1) [C:/Users/Yara2005/Pong/Pong.srcs/sources_1/new/game.v:23]
WARNING: [Synth 8-3848] Net clk in module/entity Score does not have driver. [C:/Users/Yara2005/Pong/Pong.srcs/sources_1/new/Score.v:5]
---------------------------------------------------------------------------------
Finished Synthesize : Time (s): cpu = 00:00:07 ; elapsed = 00:00:07 . Memory (MB): peak = 1285.277 ; gain = 0.000
---------------------------------------------------------------------------------
---------------------------------------------------------------------------------
Finished Constraint Validation : Time (s): cpu = 00:00:07 ; elapsed = 00:00:07 . Memory (MB): peak = 1285.277 ; gain = 0.000
---------------------------------------------------------------------------------
---------------------------------------------------------------------------------
Start Loading Part and Timing Information
---------------------------------------------------------------------------------
Loading part: xc7a35tcpg236-1
---------------------------------------------------------------------------------
Finished Loading Part and Timing Information : Time (s): cpu = 00:00:07 ; elapsed = 00:00:07 . Memory (MB): peak = 1285.277 ; gain = 0.000
---------------------------------------------------------------------------------
INFO: [Device 21-403] Loading part xc7a35tcpg236-1
INFO: [Synth 8-802] inferred FSM for state register 'state_reg' in module 'Ex1_EdgeDetect'
---------------------------------------------------------------------------------------------------
                   State |                     New Encoding |                Previous Encoding 
---------------------------------------------------------------------------------------------------
                       A |                               00 |                               00
                       B |                               01 |                               01
                       C |                               10 |                               10
---------------------------------------------------------------------------------------------------
INFO: [Synth 8-3354] encoded FSM with state register 'state_reg' using encoding 'sequential' in module 'Ex1_EdgeDetect'
---------------------------------------------------------------------------------
Finished RTL Optimization Phase 2 : Time (s): cpu = 00:00:08 ; elapsed = 00:00:07 . Memory (MB): peak = 1285.277 ; gain = 0.000
---------------------------------------------------------------------------------
No constraint files found.
---------------------------------------------------------------------------------
Start RTL Component Statistics 
---------------------------------------------------------------------------------
Detailed RTL Component Info : 
+---Adders : 
	   2 Input   32 Bit       Adders := 4     
	   2 Input    9 Bit       Adders := 2     
	   2 Input    4 Bit       Adders := 4     
+---Registers : 
	               32 Bit    Registers := 4     
	                9 Bit    Registers := 2     
	                4 Bit    Registers := 4     
	                1 Bit    Registers := 24    
+---Muxes : 
	   2 Input   32 Bit        Muxes := 4     
	   2 Input    4 Bit        Muxes := 4     
	   3 Input    2 Bit        Muxes := 4     
	   2 Input    2 Bit        Muxes := 12    
	   2 Input    1 Bit        Muxes := 6     
---------------------------------------------------------------------------------
Finished RTL Component Statistics 
---------------------------------------------------------------------------------
---------------------------------------------------------------------------------
Start Part Resource Summary
---------------------------------------------------------------------------------
Part Resources:
DSPs: 90 (col length:60)
BRAMs: 100 (col length: RAMB18 60 RAMB36 30)
---------------------------------------------------------------------------------
Finished Part Resource Summary
---------------------------------------------------------------------------------
No constraint files found.
---------------------------------------------------------------------------------
Start Cross Boundary and Area Optimization
---------------------------------------------------------------------------------
WARNING: [Synth 8-7080] Parallel synthesis criteria is not met
---------------------------------------------------------------------------------
Finished Cross Boundary and Area Optimization : Time (s): cpu = 00:00:13 ; elapsed = 00:00:13 . Memory (MB): peak = 1285.277 ; gain = 0.000
---------------------------------------------------------------------------------
No constraint files found.
---------------------------------------------------------------------------------
Start Timing Optimization
---------------------------------------------------------------------------------
---------------------------------------------------------------------------------
Finished Timing Optimization : Time (s): cpu = 00:00:13 ; elapsed = 00:00:13 . Memory (MB): peak = 1285.277 ; gain = 0.000
---------------------------------------------------------------------------------
---------------------------------------------------------------------------------
Start Technology Mapping
---------------------------------------------------------------------------------
---------------------------------------------------------------------------------
Finished Technology Mapping : Time (s): cpu = 00:00:13 ; elapsed = 00:00:13 . Memory (MB): peak = 1285.277 ; gain = 0.000
---------------------------------------------------------------------------------
---------------------------------------------------------------------------------
Start IO Insertion
---------------------------------------------------------------------------------
---------------------------------------------------------------------------------
Start Flattening Before IO Insertion
---------------------------------------------------------------------------------
---------------------------------------------------------------------------------
Finished Flattening Before IO Insertion
---------------------------------------------------------------------------------
---------------------------------------------------------------------------------
Start Final Netlist Cleanup
---------------------------------------------------------------------------------
---------------------------------------------------------------------------------
Finished Final Netlist Cleanup
---------------------------------------------------------------------------------
---------------------------------------------------------------------------------
Finished IO Insertion : Time (s): cpu = 00:00:18 ; elapsed = 00:00:18 . Memory (MB): peak = 1285.277 ; gain = 0.000
---------------------------------------------------------------------------------
---------------------------------------------------------------------------------
Start Renaming Generated Instances
---------------------------------------------------------------------------------
---------------------------------------------------------------------------------
Finished Renaming Generated Instances : Time (s): cpu = 00:00:18 ; elapsed = 00:00:18 . Memory (MB): peak = 1285.277 ; gain = 0.000
---------------------------------------------------------------------------------
---------------------------------------------------------------------------------
Start Rebuilding User Hierarchy
---------------------------------------------------------------------------------
---------------------------------------------------------------------------------
Finished Rebuilding User Hierarchy : Time (s): cpu = 00:00:18 ; elapsed = 00:00:18 . Memory (MB): peak = 1285.277 ; gain = 0.000
---------------------------------------------------------------------------------
---------------------------------------------------------------------------------
Start Renaming Generated Ports
---------------------------------------------------------------------------------
---------------------------------------------------------------------------------
Finished Renaming Generated Ports : Time (s): cpu = 00:00:18 ; elapsed = 00:00:18 . Memory (MB): peak = 1285.277 ; gain = 0.000
---------------------------------------------------------------------------------
---------------------------------------------------------------------------------
Start Handling Custom Attributes
---------------------------------------------------------------------------------
---------------------------------------------------------------------------------
Finished Handling Custom Attributes : Time (s): cpu = 00:00:18 ; elapsed = 00:00:18 . Memory (MB): peak = 1285.277 ; gain = 0.000
---------------------------------------------------------------------------------
---------------------------------------------------------------------------------
Start Renaming Generated Nets
---------------------------------------------------------------------------------
---------------------------------------------------------------------------------
Finished Renaming Generated Nets : Time (s): cpu = 00:00:18 ; elapsed = 00:00:18 . Memory (MB): peak = 1285.277 ; gain = 0.000
---------------------------------------------------------------------------------
---------------------------------------------------------------------------------
Start Writing Synthesis Report
---------------------------------------------------------------------------------

Report BlackBoxes: 
+------+---------------+----------+
|      |BlackBox name  |Instances |
+------+---------------+----------+
|1     |Ball           |         1|
|2     |segmentDecoder |         1|
|3     |VGAControl     |         1|
+------+---------------+----------+

Report Cell Usage: 
+------+---------------+------+
|      |Cell           |Count |
+------+---------------+------+
|1     |Ball           |     1|
|2     |VGAControl     |     1|
|3     |segmentDecoder |     1|
|4     |BUFG           |     1|
|5     |CARRY4         |    36|
|6     |LUT1           |     6|
|7     |LUT2           |     6|
|8     |LUT3           |     2|
|9     |LUT4           |    32|
|10    |LUT5           |   144|
|11    |LUT6           |     6|
|12    |FDCE           |   144|
|13    |FDRE           |    30|
|14    |IBUF           |     6|
|15    |OBUF           |    16|
+------+---------------+------+

Report Instance Areas: 
+------+-------------------+-----------------------+------+
|      |Instance           |Module                 |Cells |
+------+-------------------+-----------------------+------+
|1     |top                |                       |   481|
|2     |  paddle1          |Paddle                 |   203|
|3     |    d1             |Ex2_PushbuttonDetect_7 |    96|
|4     |      cd           |clock_div_14           |    82|
|5     |        counterMod |Counter_18             |    81|
|6     |      d            |debouncer_15           |     4|
|7     |      e            |Ex1_EdgeDetect_16      |     8|
|8     |      s            |synchronizer_17        |     2|
|9     |    d2             |Ex2_PushbuttonDetect_8 |    92|
|10    |      cd           |clock_div_9            |    82|
|11    |        counterMod |Counter_13             |    81|
|12    |      d            |debouncer_10           |     4|
|13    |      e            |Ex1_EdgeDetect_11      |     4|
|14    |      s            |synchronizer_12        |     2|
|15    |  paddle2          |Paddle_0               |   203|
|16    |    d1             |Ex2_PushbuttonDetect   |    96|
|17    |      cd           |clock_div_2            |    82|
|18    |        counterMod |Counter_6              |    81|
|19    |      d            |debouncer_3            |     4|
|20    |      e            |Ex1_EdgeDetect_4       |     8|
|21    |      s            |synchronizer_5         |     2|
|22    |    d2             |Ex2_PushbuttonDetect_1 |    92|
|23    |      cd           |clock_div              |    82|
|24    |        counterMod |Counter                |    81|
|25    |      d            |debouncer              |     4|
|26    |      e            |Ex1_EdgeDetect         |     4|
|27    |      s            |synchronizer           |     2|
+------+-------------------+-----------------------+------+
---------------------------------------------------------------------------------
Finished Writing Synthesis Report : Time (s): cpu = 00:00:18 ; elapsed = 00:00:18 . Memory (MB): peak = 1285.277 ; gain = 0.000
---------------------------------------------------------------------------------
Synthesis finished with 0 errors, 0 critical warnings and 9 warnings.
Synthesis Optimization Runtime : Time (s): cpu = 00:00:18 ; elapsed = 00:00:18 . Memory (MB): peak = 1285.277 ; gain = 0.000
Synthesis Optimization Complete : Time (s): cpu = 00:00:18 ; elapsed = 00:00:18 . Memory (MB): peak = 1285.277 ; gain = 0.000
INFO: [Project 1-571] Translating synthesized netlist
Netlist sorting complete. Time (s): cpu = 00:00:00 ; elapsed = 00:00:00.005 . Memory (MB): peak = 1285.277 ; gain = 0.000
INFO: [Netlist 29-17] Analyzing 36 Unisim elements for replacement
INFO: [Netlist 29-28] Unisim Transformation completed in 0 CPU seconds
INFO: [Project 1-570] Preparing netlist for logic optimization
INFO: [Opt 31-138] Pushed 0 inverter(s) to 0 load pin(s).
Netlist sorting complete. Time (s): cpu = 00:00:00 ; elapsed = 00:00:00 . Memory (MB): peak = 1285.277 ; gain = 0.000
INFO: [Project 1-111] Unisim Transformation Summary:
No Unisim elements were transformed.

Synth Design complete, checksum: 11924dc5
INFO: [Common 17-83] Releasing license: Synthesis
44 Infos, 9 Warnings, 0 Critical Warnings and 0 Errors encountered.
synth_design completed successfully
synth_design: Time (s): cpu = 00:00:20 ; elapsed = 00:00:20 . Memory (MB): peak = 1285.277 ; gain = 0.000
INFO: [Common 17-1381] The checkpoint 'C:/Users/Yara2005/Pong/Pong.runs/synth_1/game.dcp' has been generated.
INFO: [runtcl-4] Executing : report_utilization -file game_utilization_synth.rpt -pb game_utilization_synth.pb
INFO: [Common 17-206] Exiting Vivado at Mon Nov 25 17:46:30 2024...
